<?xml version="1.0" encoding="UTF-8"?>
<robot generator="Robot 6.0.2 (Python 3.11.4 on win32)" generated="20231126 15:22:32.400" rpa="false" schemaversion="3">
<suite id="s1" name="AGI" source="C:\Users\User01\Desktop\AGI\AGI">
<suite id="s1-s1" name="Tests" source="C:\Users\User01\Desktop\AGI\AGI\tests">
<suite id="s1-s1-s1" name="Teste Botao Lupa Pesquisa" source="C:\Users\User01\Desktop\AGI\AGI\tests\teste_botao_lupa_pesquisa.robot">
<test id="s1-s1-s1-t1" name="Cenário 01 - Pesquisa dado existente" line="8">
<kw name="Abrir o navegador" library="botaoPesquisa" type="SETUP">
<kw name="Open Browser" library="SeleniumLibrary">
<arg>browser=chrome</arg>
<doc>Opens a new browser instance to the optional ``url``.</doc>
<msg timestamp="20231126 15:22:32.590" level="INFO">Opening browser 'chrome' to base url 'None'.</msg>
<status status="PASS" starttime="20231126 15:22:32.590" endtime="20231126 15:22:33.656"/>
</kw>
<kw name="Set Window Size" library="SeleniumLibrary">
<arg>3440</arg>
<arg>1440</arg>
<doc>Sets current windows size to given ``width`` and ``height``.</doc>
<status status="PASS" starttime="20231126 15:22:33.656" endtime="20231126 15:22:33.776"/>
</kw>
<status status="PASS" starttime="20231126 15:22:32.589" endtime="20231126 15:22:33.777"/>
</kw>
<kw name="Dado que estou na página principal da AGI" library="botaoPesquisa">
<kw name="Go To" library="SeleniumLibrary">
<arg>url=${URL}</arg>
<doc>Navigates the current browser window to the provided ``url``.</doc>
<msg timestamp="20231126 15:22:33.782" level="INFO">Opening url 'https://blogdoagi.com.br/'</msg>
<status status="PASS" starttime="20231126 15:22:33.781" endtime="20231126 15:22:34.895"/>
</kw>
<status status="PASS" starttime="20231126 15:22:33.778" endtime="20231126 15:22:34.896"/>
</kw>
<kw name="Quando clico no botão de lupa" library="botaoPesquisa">
<kw name="Wait Until Element Is Visible" library="SeleniumLibrary">
<arg>${LUPA_PESQUISA}</arg>
<doc>Waits until the element ``locator`` is visible.</doc>
<status status="PASS" starttime="20231126 15:22:34.899" endtime="20231126 15:22:34.937"/>
</kw>
<kw name="Click Button" library="SeleniumLibrary">
<arg>${LUPA_PESQUISA}</arg>
<doc>Clicks the button identified by ``locator``.</doc>
<msg timestamp="20231126 15:22:34.937" level="INFO">Clicking button '//*[@id="search-open"]'.</msg>
<status status="PASS" starttime="20231126 15:22:34.937" endtime="20231126 15:22:34.988"/>
</kw>
<status status="PASS" starttime="20231126 15:22:34.898" endtime="20231126 15:22:34.988"/>
</kw>
<kw name="E pesquiso pelo item" library="botaoPesquisa">
<kw name="Wait Until Element Is Enabled" library="SeleniumLibrary">
<arg>${BARRA_PESQUISA}</arg>
<doc>Waits until the element ``locator`` is enabled.</doc>
<status status="PASS" starttime="20231126 15:22:34.989" endtime="20231126 15:22:35.018"/>
</kw>
<kw name="Input Text" library="SeleniumLibrary">
<arg>${BARRA_PESQUISA}</arg>
<arg>'Nossos avanços em testes de transferências interbancárias via Drex'</arg>
<doc>Types the given ``text`` into the text field identified by ``locator``.</doc>
<msg timestamp="20231126 15:22:35.018" level="INFO">Typing text ''Nossos avanços em testes de transferências interbancárias via Drex'' into text field '//*[@id="masthead"]/div[1]/div[2]/form/label/input'.</msg>
<status status="PASS" starttime="20231126 15:22:35.018" endtime="20231126 15:22:35.208"/>
</kw>
<kw name="Click Button" library="SeleniumLibrary">
<arg>${BOTA_PESQUISAR}</arg>
<doc>Clicks the button identified by ``locator``.</doc>
<msg timestamp="20231126 15:22:35.210" level="INFO">Clicking button '//*[@id="masthead"]/div[1]/div[2]/form/input'.</msg>
<status status="PASS" starttime="20231126 15:22:35.208" endtime="20231126 15:22:35.276"/>
</kw>
<status status="PASS" starttime="20231126 15:22:34.989" endtime="20231126 15:22:35.276"/>
</kw>
<kw name="Então sou redirecionado com o resultado" library="botaoPesquisa">
<kw name="Wait Until Element Is Visible" library="SeleniumLibrary">
<arg>${RESULTADO_EXISTENTE}</arg>
<doc>Waits until the element ``locator`` is visible.</doc>
<status status="PASS" starttime="20231126 15:22:35.277" endtime="20231126 15:22:35.614"/>
</kw>
<status status="PASS" starttime="20231126 15:22:35.277" endtime="20231126 15:22:35.614"/>
</kw>
<kw name="Fechar o navegador" library="botaoPesquisa" type="TEARDOWN">
<kw name="Close Browser" library="SeleniumLibrary">
<doc>Closes the current browser.</doc>
<status status="PASS" starttime="20231126 15:22:35.618" endtime="20231126 15:22:37.754"/>
</kw>
<status status="PASS" starttime="20231126 15:22:35.614" endtime="20231126 15:22:37.754"/>
</kw>
<doc>Este teste realiza uma pesquisa com um item disponivel no site</doc>
<tag>pesquisa via lupa</tag>
<status status="PASS" starttime="20231126 15:22:32.589" endtime="20231126 15:22:37.754"/>
</test>
<test id="s1-s1-s1-t2" name="Cenário 02 - Pesquisa dado não existente" line="16">
<kw name="Abrir o navegador" library="botaoPesquisa" type="SETUP">
<kw name="Open Browser" library="SeleniumLibrary">
<arg>browser=chrome</arg>
<doc>Opens a new browser instance to the optional ``url``.</doc>
<msg timestamp="20231126 15:22:37.761" level="INFO">Opening browser 'chrome' to base url 'None'.</msg>
<status status="PASS" starttime="20231126 15:22:37.761" endtime="20231126 15:22:38.836"/>
</kw>
<kw name="Set Window Size" library="SeleniumLibrary">
<arg>3440</arg>
<arg>1440</arg>
<doc>Sets current windows size to given ``width`` and ``height``.</doc>
<status status="PASS" starttime="20231126 15:22:38.836" endtime="20231126 15:22:38.947"/>
</kw>
<status status="PASS" starttime="20231126 15:22:37.757" endtime="20231126 15:22:38.948"/>
</kw>
<kw name="Dado que estou na página principal da AGI" library="botaoPesquisa">
<kw name="Go To" library="SeleniumLibrary">
<arg>url=${URL}</arg>
<doc>Navigates the current browser window to the provided ``url``.</doc>
<msg timestamp="20231126 15:22:38.951" level="INFO">Opening url 'https://blogdoagi.com.br/'</msg>
<status status="PASS" starttime="20231126 15:22:38.950" endtime="20231126 15:22:39.640"/>
</kw>
<status status="PASS" starttime="20231126 15:22:38.949" endtime="20231126 15:22:39.640"/>
</kw>
<kw name="Quando clico no botão de lupa" library="botaoPesquisa">
<kw name="Wait Until Element Is Visible" library="SeleniumLibrary">
<arg>${LUPA_PESQUISA}</arg>
<doc>Waits until the element ``locator`` is visible.</doc>
<status status="PASS" starttime="20231126 15:22:39.641" endtime="20231126 15:22:39.673"/>
</kw>
<kw name="Click Button" library="SeleniumLibrary">
<arg>${LUPA_PESQUISA}</arg>
<doc>Clicks the button identified by ``locator``.</doc>
<msg timestamp="20231126 15:22:39.673" level="INFO">Clicking button '//*[@id="search-open"]'.</msg>
<status status="PASS" starttime="20231126 15:22:39.673" endtime="20231126 15:22:39.722"/>
</kw>
<status status="PASS" starttime="20231126 15:22:39.641" endtime="20231126 15:22:39.722"/>
</kw>
<kw name="E pesquiso pelo item não existente" library="botaoPesquisa">
<kw name="Wait Until Element Is Enabled" library="SeleniumLibrary">
<arg>${BARRA_PESQUISA}</arg>
<doc>Waits until the element ``locator`` is enabled.</doc>
<status status="PASS" starttime="20231126 15:22:39.723" endtime="20231126 15:22:39.751"/>
</kw>
<kw name="Input Text" library="SeleniumLibrary">
<arg>${BARRA_PESQUISA}</arg>
<arg>'aldsalsdhakjsda'</arg>
<doc>Types the given ``text`` into the text field identified by ``locator``.</doc>
<msg timestamp="20231126 15:22:39.752" level="INFO">Typing text ''aldsalsdhakjsda'' into text field '//*[@id="masthead"]/div[1]/div[2]/form/label/input'.</msg>
<status status="PASS" starttime="20231126 15:22:39.751" endtime="20231126 15:22:39.855"/>
</kw>
<kw name="Click Button" library="SeleniumLibrary">
<arg>${BOTA_PESQUISAR}</arg>
<doc>Clicks the button identified by ``locator``.</doc>
<msg timestamp="20231126 15:22:39.856" level="INFO">Clicking button '//*[@id="masthead"]/div[1]/div[2]/form/input'.</msg>
<status status="PASS" starttime="20231126 15:22:39.856" endtime="20231126 15:22:39.949"/>
</kw>
<status status="PASS" starttime="20231126 15:22:39.723" endtime="20231126 15:22:39.950"/>
</kw>
<kw name="Então sou redirecionado com o nenhum resultado" library="botaoPesquisa">
<kw name="Wait Until Element Is Visible" library="SeleniumLibrary">
<arg>${RESULTADO_NAO_EXISTENTE}</arg>
<doc>Waits until the element ``locator`` is visible.</doc>
<status status="PASS" starttime="20231126 15:22:39.951" endtime="20231126 15:22:40.280"/>
</kw>
<status status="PASS" starttime="20231126 15:22:39.950" endtime="20231126 15:22:40.280"/>
</kw>
<kw name="Fechar o navegador" library="botaoPesquisa" type="TEARDOWN">
<kw name="Close Browser" library="SeleniumLibrary">
<doc>Closes the current browser.</doc>
<status status="PASS" starttime="20231126 15:22:40.280" endtime="20231126 15:22:42.392"/>
</kw>
<status status="PASS" starttime="20231126 15:22:40.280" endtime="20231126 15:22:42.392"/>
</kw>
<doc>Este teste realiza uma pesquisa com um item disponivel no site</doc>
<tag>pesquisa via lupa</tag>
<status status="PASS" starttime="20231126 15:22:37.757" endtime="20231126 15:22:42.393"/>
</test>
<doc>Essa suíte será testa a lupa do site https://blogdoagi.com.br/</doc>
<status status="PASS" starttime="20231126 15:22:32.425" endtime="20231126 15:22:42.395"/>
</suite>
<status status="PASS" starttime="20231126 15:22:32.423" endtime="20231126 15:22:42.397"/>
</suite>
<status status="PASS" starttime="20231126 15:22:32.405" endtime="20231126 15:22:42.399"/>
</suite>
<statistics>
<total>
<stat pass="2" fail="0" skip="0">All Tests</stat>
</total>
<tag>
<stat pass="2" fail="0" skip="0">pesquisa via lupa</stat>
</tag>
<suite>
<stat pass="2" fail="0" skip="0" id="s1" name="AGI">AGI</stat>
<stat pass="2" fail="0" skip="0" id="s1-s1" name="Tests">AGI.Tests</stat>
<stat pass="2" fail="0" skip="0" id="s1-s1-s1" name="Teste Botao Lupa Pesquisa">AGI.Tests.Teste Botao Lupa Pesquisa</stat>
</suite>
</statistics>
<errors>
</errors>
</robot>
